2024-10-10 08:13:56,670 - INFO - No more reviews to collect.
2024-10-10 08:13:56,670 - WARNING - No data collected, something went wrong.
2024-10-10 08:19:21,766 - INFO - Number of reviews collected: 100
2024-10-10 08:19:22,997 - INFO - Number of reviews collected: 200
2024-10-10 08:19:24,314 - INFO - Number of reviews collected: 300
2024-10-10 08:19:25,626 - INFO - Number of reviews collected: 400
2024-10-10 08:19:27,034 - INFO - Number of reviews collected: 500
2024-10-10 08:19:28,454 - INFO - Number of reviews collected: 600
2024-10-10 08:19:29,784 - INFO - Number of reviews collected: 700
2024-10-10 08:19:31,130 - INFO - Number of reviews collected: 800
2024-10-10 08:19:32,439 - INFO - Number of reviews collected: 900
2024-10-10 08:19:33,721 - INFO - Number of reviews collected: 1000
2024-10-10 08:19:35,546 - INFO - Number of reviews collected: 1100
2024-10-10 08:19:36,994 - INFO - Number of reviews collected: 1200
2024-10-10 08:19:38,416 - INFO - Number of reviews collected: 1300
2024-10-10 08:19:39,850 - INFO - Number of reviews collected: 1400
2024-10-10 08:19:41,158 - INFO - Number of reviews collected: 1500
2024-10-10 08:19:42,502 - INFO - Number of reviews collected: 1600
2024-10-10 08:19:43,804 - INFO - Number of reviews collected: 1700
2024-10-10 08:19:45,366 - INFO - Number of reviews collected: 1800
2024-10-10 08:19:47,191 - INFO - Number of reviews collected: 1900
2024-10-10 08:19:48,533 - INFO - Number of reviews collected: 2000
2024-10-10 08:19:49,833 - INFO - Number of reviews collected: 2100
2024-10-10 08:19:51,053 - INFO - Number of reviews collected: 2200
2024-10-10 08:19:52,371 - INFO - Number of reviews collected: 2300
2024-10-10 08:19:53,690 - INFO - Number of reviews collected: 2400
2024-10-10 08:19:54,983 - INFO - Number of reviews collected: 2500
2024-10-10 08:19:56,280 - INFO - Number of reviews collected: 2600
2024-10-10 08:19:57,640 - INFO - Number of reviews collected: 2700
2024-10-10 08:19:58,902 - INFO - Number of reviews collected: 2800
2024-10-10 08:20:00,216 - INFO - Number of reviews collected: 2900
2024-10-10 08:20:01,584 - INFO - Number of reviews collected: 3000
2024-10-10 08:20:03,007 - INFO - Number of reviews collected: 3100
2024-10-10 08:20:04,234 - INFO - Number of reviews collected: 3155
2024-10-10 08:20:05,380 - INFO - No more reviews to collect.
2024-10-10 08:20:05,420 - INFO - Data saved to data/reviews_2024-10-10.csv
2024-10-10 09:51:24,580 - INFO - Number of reviews collected: 100
2024-10-10 09:51:25,975 - INFO - Number of reviews collected: 200
2024-10-10 09:51:27,317 - INFO - Number of reviews collected: 300
2024-10-10 09:51:28,668 - INFO - Number of reviews collected: 400
2024-10-10 09:51:30,132 - INFO - Number of reviews collected: 500
2024-10-10 09:51:31,661 - INFO - Number of reviews collected: 600
2024-10-10 09:51:33,030 - INFO - Number of reviews collected: 700
2024-10-10 09:51:34,235 - INFO - Number of reviews collected: 800
2024-10-10 09:51:35,548 - INFO - Number of reviews collected: 900
2024-10-10 09:51:36,821 - INFO - Number of reviews collected: 1000
2024-10-10 09:51:38,111 - INFO - Number of reviews collected: 1100
2024-10-10 09:51:39,686 - INFO - Number of reviews collected: 1200
2024-10-10 09:51:40,993 - INFO - Number of reviews collected: 1300
2024-10-10 09:51:42,300 - INFO - Number of reviews collected: 1400
2024-10-10 09:51:43,598 - INFO - Number of reviews collected: 1500
2024-10-10 09:51:44,829 - INFO - Number of reviews collected: 1600
2024-10-10 09:51:46,031 - INFO - Number of reviews collected: 1700
2024-10-10 09:51:47,238 - INFO - Number of reviews collected: 1800
2024-10-10 09:51:48,463 - INFO - Number of reviews collected: 1900
2024-10-10 09:51:49,789 - INFO - Number of reviews collected: 2000
2024-10-10 09:51:51,000 - INFO - Number of reviews collected: 2100
2024-10-10 09:51:52,265 - INFO - Number of reviews collected: 2200
2024-10-10 09:51:53,466 - INFO - Number of reviews collected: 2300
2024-10-10 09:51:54,766 - INFO - Number of reviews collected: 2400
2024-10-10 09:51:55,974 - INFO - Number of reviews collected: 2500
2024-10-10 09:51:57,193 - INFO - Number of reviews collected: 2600
2024-10-10 09:51:58,541 - INFO - Number of reviews collected: 2700
2024-10-10 09:51:59,782 - INFO - Number of reviews collected: 2800
2024-10-10 09:52:01,082 - INFO - Number of reviews collected: 2900
2024-10-10 09:52:02,372 - INFO - Number of reviews collected: 3000
2024-10-10 09:52:03,579 - INFO - Number of reviews collected: 3100
2024-10-10 09:52:04,927 - INFO - Number of reviews collected: 3155
2024-10-10 09:52:06,340 - INFO - No more reviews to collect.
2024-10-10 09:52:06,341 - INFO - Renamed latest file to data/reviews_old_2024-10-10.csv
2024-10-10 09:52:06,397 - INFO - Data saved to data/reviews_latest.csv
2025-01-01 00:55:54,008 - INFO - Number of reviews collected: 100
2025-01-01 00:55:55,346 - INFO - Number of reviews collected: 200
2025-01-01 00:55:56,717 - INFO - Number of reviews collected: 300
2025-01-01 00:55:58,169 - INFO - Number of reviews collected: 400
2025-01-01 00:55:59,548 - INFO - Number of reviews collected: 500
2025-01-01 00:56:01,016 - INFO - Number of reviews collected: 600
2025-01-01 00:56:02,472 - INFO - Number of reviews collected: 700
2025-01-01 00:56:04,051 - INFO - Number of reviews collected: 800
2025-01-01 00:56:05,834 - INFO - Number of reviews collected: 900
2025-01-01 00:56:07,441 - INFO - Number of reviews collected: 1000
2025-01-01 00:56:08,960 - INFO - Number of reviews collected: 1100
2025-01-01 00:56:10,373 - INFO - Number of reviews collected: 1200
2025-01-01 00:56:12,617 - INFO - Number of reviews collected: 1300
2025-01-01 00:56:14,235 - INFO - Number of reviews collected: 1400
2025-01-01 00:56:16,170 - INFO - Number of reviews collected: 1500
2025-01-01 00:56:17,579 - INFO - Number of reviews collected: 1600
2025-01-01 00:56:18,976 - INFO - Number of reviews collected: 1700
2025-01-01 00:56:20,334 - INFO - Number of reviews collected: 1800
2025-01-01 00:56:21,721 - INFO - Number of reviews collected: 1900
2025-01-01 00:56:23,034 - INFO - Number of reviews collected: 2000
2025-01-01 00:56:24,408 - INFO - Number of reviews collected: 2100
2025-01-01 00:56:25,675 - INFO - Number of reviews collected: 2200
2025-01-01 00:56:27,071 - INFO - Number of reviews collected: 2300
2025-01-01 00:56:28,531 - INFO - Number of reviews collected: 2400
2025-01-01 00:56:29,828 - INFO - Number of reviews collected: 2500
2025-01-01 00:56:31,687 - INFO - Number of reviews collected: 2600
2025-01-01 00:56:33,444 - INFO - Number of reviews collected: 2700
2025-01-01 00:56:35,384 - INFO - Number of reviews collected: 2800
2025-01-01 00:56:37,006 - INFO - Number of reviews collected: 2900
2025-01-01 00:56:38,243 - INFO - Number of reviews collected: 3000
2025-01-01 00:56:39,534 - INFO - Number of reviews collected: 3100
2025-01-01 00:56:40,911 - INFO - Number of reviews collected: 3200
2025-01-01 00:56:42,303 - INFO - Number of reviews collected: 3300
2025-01-01 00:56:43,883 - INFO - Number of reviews collected: 3400
2025-01-01 00:56:45,193 - INFO - Number of reviews collected: 3498
2025-01-01 00:56:46,349 - INFO - No more reviews to collect.
2025-01-01 00:56:46,349 - INFO - Renamed latest file to data/reviews_old_2025-01-01.csv
2025-01-01 00:56:46,393 - INFO - Data saved to data/reviews_latest.csv
2025-01-01 00:56:46,393 - INFO - Deleted old review file: reviews_old_2025-01-01.csv
